x T psc
x res 576 1 1
x init
x font 1 R
x font 2 I
x font 3 B
x font 4 BI
x font 5 H
x font 6 HB
x font 7 C
x font 8 CB
x font 9 S
x font 10 SS
V0
p1
s12
f1
H555
f3
s16
V849
h560cC
92a64c57h71i36n71gw96i36nwh103ct
43h71ew89S71p71r57i36t43ew89N92e57t43w92o64r57kwh103cF
78i36l36ew89S71y64s50t43e57mn144 0
H555
f1
s13
V1141
h472cM
93i29c46h52a46e46l29 26N75.26 26N75e46l29s41o52n52 26 26 26 26 26B69r35e46n52t29 26B69.26 26W98e46l29c46h52 26 26 26 26 26J41o52h52n52 26K75.26 26O75u52s41t29e46r35h52o52u52tn117 0
H555
s12
V1366
h1196cC
64o48m75p48u48t27e43rw56S53c43i27e43n48c43ew67D69i27v48i27s37i27o48nn108 0
H555
V1474
h537cD
69e43p48a43r32t27m75e43n48tw51o48fw56E59l27e43c43t27r32i27c43a43lw51E59n48g48i27n48e43e43r32i27n48gw72a43n48dw72C64o48m75p48u48t27e43rw56S53c43i27e43n48c43e43sn108 0
H555
V1582
h1265cU
69n48i27v48e43r32s37i27t27yw72o48fw56C64a43l27i27f32o48r32n48i27an108 0
H555
V1690
h1331cB
64e43r32k48e43l27e43y48,w48C64Aw939484487482480n108 0
H555
f3
V2014
h1549cA
69b53s37t32r43a48c43tn108 0
H555
f1
V2155
cT
59h48ew91S53p48r32i27t27ew91n48e43t27w69o48r32kw96o48p48e43r32a43t27i27n48gw95s37y48s37t27e43mwh122cu
48s37e43sw84l27a43r32g48ew90m75a43i27n48-32m75e43m75o48r32yw95d48i27s37kw95b48l27o48c43kw95c43a43c43h48e43sw84t27on108 0
H555
V2263
ca
43c43h48i27e43v48ew78h48i27g48hw83p48e43r32f32o48r32m75a43n48c43ew78i27nw83i27t27swh72Cfi
53l27ew78s37y48s37t27e43m75.w83I32tw61p48r32o48v48i27d48e43sw71n48o48n48-32w69r32i27t27e43-32t27h48r32o48u48g48hwh82Cfi
53l27ew77c43a43c43h48i27n48gn108 0
H555
V2371
co
48nw74b48o48t27hw74c43l27i27e43n48tw53a43n48dw74s37e43r32v48e43rw58m75a43c43h48i27n48e43s37.w73Aw94s37i27m75p48l27ew68c43a43c43h48ew68c43o48n48s37i27s37t27e43n48c43yw73m75e43c43h48a43n48i27s37mwh100cp
48e43r32m75i27t27swh62Cfi
53l27e43sn108 0
H555
V2479
ct
27ow82b48ew77s37h48a43r32e43dw82b48yw82m75u48l27t27i27p48l27ew77c43l27i27e43n48t27sw71w69i27t27h48o48u48tw60d48a43n48g48e43rw65o48fw65s37t27a43l27ew76d48a43t27a43.w81I32nw81o48r32d48e43rw65t27ow81a43l27l27o48wwh102ct
27h48ewh76Cfi
53l27en108 0
H555
V2587
cc
43a43c43h48ew70t27ow75o48c43c43u48p48yw74a43sw63m75u48c43hw74m75e43m75o48r32yw74a43sw63p48o48s37s37i27b48l27e43,w50t27h48ewh69Cfi
53l27ew69s37y48s37t27e43mwh101co
48fw58e43a43c43hw74m75a43c43h48i27n48ew69n48e43g48o48t27i27a43t27e43sn108 0
H555
V2695
cw
69i27t27hw76t27h48ew71v48i27r32t27u48a43lw54m75e43m75o48r32yw75s37y48s37t27e43mwh102co
48v48e43rw59p48h48y48s37i27c43a43lw54m75e43m75o48r32yw75u48s37a43g48ew70a43n48dw75c43h48a43n48g48e43sw64t27h48ew70s37i27z43ew70o48fw59t27h48en108 0
H555
V2803
Cfi
53l27ew77c43a43c43h48ew77d48y48n48a43m75i27c43a43l27l27y48.w82B64e43n48c43h48m75a43r32kw82p48r32o48g48r32a43m75sw71i27n48d48i27c43a43t27ew77t27h48a43tw61c43l27i27e43n48tw61c43a43c43h48e43sw71a43l27l27o48wwh103cd
48i27s37k48l27e43s37sn108 0
H555
V2911
cS
53p48r32i27t27ew84w69o48r32k48s37t27a43t27i27o48n48sw77t27ow88p48e43r32f32o48r32mwh115cw
69i27t27h48i27nw88048-32148248%wh120co
48fw72w69o48r32k48s37t27a43t27i27o48n48sw77w69i27t27hw88d48i27s37k48s37.w88I32nw88a43d48d48i27t27i27o48n48,n108 0
H555
V3019
cc
43l27i27e43n48tw51c43a43c43h48i27n48gw72r32e43d48u48c43e43sw61s37e43r32v48e43rw56l27o48a43d48i27n48gw72b48yw72548048%wh104ca
43n48dw72n48e43t27w69o48r32kw72t27r32a43fh32Cfi
53cw67b48yw72748548%80.n108 0
V6336
