2.500000 0.000000
2.525000 0.025000
2.550000 0.050000
2.575000 0.075000
2.600000 0.100000
2.625000 0.125000
2.650000 0.150000
2.675000 0.175000
2.700000 0.200000
2.725000 0.225000
2.750000 0.250000
2.775000 0.275000
2.800000 0.300000
2.825000 0.325000
2.850000 0.350000
2.875000 0.375000
2.900000 0.400000
2.925000 0.425000
2.950000 0.450000
2.975000 0.475000
3.000000 0.500000
3.025000 0.525000
3.050000 0.550000
3.075000 0.575000
3.100000 0.600000
3.125000 0.625000
3.150000 0.650000
3.175000 0.675000
3.200000 0.700000
3.225000 0.725000
3.250000 0.750000
3.275000 0.775000
